<?xml version="1.0" encoding="UTF-8"?>
<!-- Generated by org.testng.reporters.JUnitReportReporter -->
<testsuite hostname="DESKTOP-AV5IUUE" failures="0" tests="1" name="testNG.AmaznWinHndle" time="63.441" errors="0" timestamp="2023-08-24T22:20:36 IST" skipped="0">
  <testcase classname="testNG.AmaznWinHndle" name="amazon" time="63.441"/>
</testsuite> <!-- testNG.AmaznWinHndle -->
