<?xml version="1.0" encoding="UTF-8"?>
<!-- Generated by org.testng.reporters.JUnitReportReporter -->
<testsuite hostname="DESKTOP-AV5IUUE" failures="0" tests="1" name="testNG.Rightdouclk" time="1.552" errors="0" timestamp="2023-07-24T16:42:05 IST" skipped="0">
  <testcase classname="testNG.Rightdouclk" name="ritdouclk" time="1.552"/>
</testsuite> <!-- testNG.Rightdouclk -->
