<?xml version="1.0" encoding="UTF-8"?>
<!-- Generated by org.testng.reporters.JUnitReportReporter -->
<testsuite hostname="DESKTOP-AV5IUUE" failures="0" tests="4" name="testNG.TestNgdemo" time="9.531" errors="0" timestamp="2023-08-24T16:21:55 IST" skipped="0">
  <testcase classname="testNG.TestNgdemo" name="test1" time="1.399"/>
  <testcase classname="testNG.TestNgdemo" name="contentverify" time="4.666"/>
  <testcase classname="testNG.TestNgdemo" name="test2" time="1.996"/>
  <testcase classname="testNG.TestNgdemo" name="titleverify" time="1.470"/>
</testsuite> <!-- testNG.TestNgdemo -->
