<?xml version="1.0" encoding="UTF-8"?>
<!-- Generated by org.testng.reporters.JUnitReportReporter -->
<testsuite hostname="DESKTOP-AV5IUUE" failures="0" tests="1" name="testNG.Copypasteact" time="1.258" errors="0" timestamp="2024-11-19T11:24:07 IST" skipped="0">
  <testcase classname="testNG.Copypasteact" name="copypaste" time="1.258"/>
</testsuite> <!-- testNG.Copypasteact -->
