<?xml version="1.0" encoding="UTF-8"?>
<!-- Generated by org.testng.reporters.JUnitReportReporter -->
<testsuite hostname="DESKTOP-AV5IUUE" failures="0" tests="4" name="testNG.Testngdemo" time="5.273" errors="0" timestamp="2023-07-24T15:39:11 IST" skipped="0">
  <testcase classname="testNG.Testngdemo" name="contentverify" time="0.780"/>
  <testcase classname="testNG.Testngdemo" name="test1" time="0.907"/>
  <testcase classname="testNG.Testngdemo" name="test2" time="2.819"/>
  <testcase classname="testNG.Testngdemo" name="titleverify" time="0.767"/>
</testsuite> <!-- testNG.Testngdemo -->
