<?xml version="1.0" encoding="UTF-8"?>
<!-- Generated by org.testng.reporters.JUnitReportReporter -->
<testsuite hostname="DESKTOP-AV5IUUE" failures="0" tests="1" name="testNG.AmazonReport" time="34.467" errors="0" timestamp="2024-11-18T12:02:24 IST" skipped="0">
  <testcase classname="testNG.AmazonReport" name="amazon" time="34.467"/>
</testsuite> <!-- testNG.AmazonReport -->
