<?xml version="1.0" encoding="UTF-8"?>
<!-- Generated by org.testng.reporters.JUnitReportReporter -->
<testsuite hostname="DESKTOP-AV5IUUE" failures="0" tests="1" name="testNG.Dropdown" time="1.017" errors="0" timestamp="2023-07-22T14:13:56 IST" skipped="0">
  <testcase classname="testNG.Dropdown" name="dropdown" time="1.017"/>
</testsuite> <!-- testNG.Dropdown -->
