<?xml version="1.0" encoding="UTF-8"?>
<!-- Generated by org.testng.reporters.JUnitReportReporter -->
<testsuite hostname="DESKTOP-AV5IUUE" failures="0" tests="1" name="testNG.Windowshandle" time="34.508" errors="0" timestamp="2023-08-24T20:04:27 IST" skipped="0">
  <testcase classname="testNG.Windowshandle" name="windows" time="34.508"/>
</testsuite> <!-- testNG.Windowshandle -->
