<?xml version="1.0" encoding="UTF-8"?>
<!-- Generated by org.testng.reporters.JUnitReportReporter -->
<testsuite hostname="DESKTOP-AV5IUUE" failures="0" tests="1" name="testNG.Browsernotify" time="13.661" errors="0" timestamp="2024-11-19T11:20:25 IST" skipped="0">
  <testcase classname="testNG.Browsernotify" name="test" time="13.661"/>
</testsuite> <!-- testNG.Browsernotify -->
