<?xml version="1.0" encoding="UTF-8"?>
<!-- Generated by org.testng.reporters.JUnitReportReporter -->
<testsuite hostname="DESKTOP-AV5IUUE" failures="0" tests="1" name="test.LoginpageTest" time="5.659" errors="0" timestamp="2023-07-24T17:25:26 IST" skipped="0">
  <testcase classname="test.LoginpageTest" name="testlogin" time="5.659"/>
</testsuite> <!-- test.LoginpageTest -->
