<?xml version="1.0" encoding="UTF-8"?>
<!-- Generated by org.testng.reporters.JUnitReportReporter -->
<testsuite hostname="DESKTOP-AV5IUUE" failures="0" tests="1" name="testNG.Browsernotify" time="69.821" errors="0" timestamp="2023-08-24T16:41:01 IST" skipped="0">
  <testcase classname="testNG.Browsernotify" name="test" time="69.821"/>
</testsuite> <!-- testNG.Browsernotify -->
