<?xml version="1.0" encoding="UTF-8"?>
<!-- Generated by org.testng.reporters.JUnitReportReporter -->
<testsuite hostname="DESKTOP-AV5IUUE" failures="0" tests="1" name="test.CreatepageTest" time="9.186" errors="0" timestamp="2023-08-23T21:24:14 IST" skipped="0">
  <testcase classname="test.CreatepageTest" name="test" time="9.186"/>
</testsuite> <!-- test.CreatepageTest -->
