<?xml version="1.0" encoding="UTF-8"?>
<!-- Generated by org.testng.reporters.JUnitReportReporter -->
<testsuite hostname="DESKTOP-AV5IUUE" failures="0" tests="1" name="testNG.Parameters" time="9.270" errors="0" timestamp="2023-08-27T21:30:07 IST" skipped="0">
  <testcase classname="testNG.Parameters" name="search" time="9.270"/>
</testsuite> <!-- testNG.Parameters -->
