<?xml version="1.0" encoding="UTF-8"?>
<!-- Generated by org.testng.reporters.JUnitReportReporter -->
<testsuite hostname="DESKTOP-AV5IUUE" failures="0" tests="1" name="testNG.Amazon" time="120.350" errors="0" timestamp="2023-08-24T22:30:09 IST" skipped="0">
  <testcase classname="testNG.Amazon" name="amazon" time="120.350"/>
</testsuite> <!-- testNG.Amazon -->
