<?xml version="1.0" encoding="UTF-8"?>
<!-- Generated by org.testng.reporters.JUnitReportReporter -->
<testsuite hostname="DESKTOP-AV5IUUE" failures="0" tests="1" name="test.Blazlogintest" time="1.756" errors="0" timestamp="2023-08-23T21:14:21 IST" skipped="0">
  <testcase classname="test.Blazlogintest" name="testlogin" time="1.756"/>
</testsuite> <!-- test.Blazlogintest -->
