<?xml version="1.0" encoding="UTF-8"?>
<!-- Generated by org.testng.reporters.JUnitReportReporter -->
<testsuite hostname="DESKTOP-AV5IUUE" failures="0" tests="1" name="testNG.Asserthard" time="0.148" errors="0" timestamp="2023-08-23T22:18:28 IST" skipped="0">
  <testcase classname="testNG.Asserthard" name="asserthard" time="0.148"/>
</testsuite> <!-- testNG.Asserthard -->
