<?xml version="1.0" encoding="UTF-8"?>
<!-- Generated by org.testng.reporters.JUnitReportReporter -->
<testsuite hostname="DESKTOP-AV5IUUE" failures="0" tests="1" name="testNG.AmaznWinHndle" time="36.311" errors="0" timestamp="2024-11-18T11:51:12 IST" skipped="0">
  <testcase classname="testNG.AmaznWinHndle" name="amazon" time="36.311"/>
</testsuite> <!-- testNG.AmaznWinHndle -->
