<?xml version="1.0" encoding="UTF-8"?>
<!-- Generated by org.testng.reporters.JUnitReportReporter -->
<testsuite hostname="DESKTOP-AV5IUUE" failures="0" tests="1" name="testNG.Dropdown" time="3.432" errors="0" timestamp="2023-10-14T14:07:58 IST" skipped="0">
  <testcase classname="testNG.Dropdown" name="dropdown" time="3.432"/>
</testsuite> <!-- testNG.Dropdown -->
