<?xml version="1.0" encoding="UTF-8"?>
<!-- Generated by org.testng.reporters.JUnitReportReporter -->
<testsuite hostname="DESKTOP-AV5IUUE" failures="0" tests="1" name="testNG.Mousehove" time="0.612" errors="0" timestamp="2023-07-24T16:31:54 IST" skipped="0">
  <testcase classname="testNG.Mousehove" name="mousehove" time="0.612"/>
</testsuite> <!-- testNG.Mousehove -->
