<?xml version="1.0" encoding="UTF-8"?>
<!-- Generated by org.testng.reporters.JUnitReportReporter -->
<testsuite hostname="DESKTOP-AV5IUUE" failures="0" tests="1" name="testNG.Fileupload" time="4.537" errors="0" timestamp="2023-07-22T14:03:26 IST" skipped="0">
  <testcase classname="testNG.Fileupload" name="fileuploadpro" time="4.537"/>
</testsuite> <!-- testNG.Fileupload -->
