<?xml version="1.0" encoding="UTF-8"?>
<!-- Generated by org.testng.reporters.JUnitReportReporter -->
<testsuite hostname="DESKTOP-AV5IUUE" failures="0" tests="1" name="testNG.Logindatadriven" time="47.902" errors="0" timestamp="2023-07-05T13:05:34 IST" skipped="0">
  <testcase classname="testNG.Logindatadriven" name="login" time="47.902"/>
</testsuite> <!-- testNG.Logindatadriven -->
