<?xml version="1.0" encoding="UTF-8"?>
<!-- Generated by org.testng.reporters.JUnitReportReporter -->
<testsuite hostname="DESKTOP-AV5IUUE" failures="0" tests="1" name="testNG.Asserthard" time="0.042" errors="0" timestamp="2024-11-18T12:17:07 IST" skipped="0">
  <testcase classname="testNG.Asserthard" name="asserthard" time="0.042"/>
</testsuite> <!-- testNG.Asserthard -->
