<?xml version="1.0" encoding="UTF-8"?>
<!-- Generated by org.testng.reporters.JUnitReportReporter -->
<testsuite hostname="DESKTOP-AV5IUUE" failures="0" tests="1" name="testNG.Browsernotify" time="43.246" errors="0" timestamp="2023-07-14T11:26:02 IST" skipped="0">
  <testcase classname="testNG.Browsernotify" name="test" time="43.246"/>
</testsuite> <!-- testNG.Browsernotify -->
