<?xml version="1.0" encoding="UTF-8"?>
<!-- Generated by org.testng.reporters.JUnitReportReporter -->
<testsuite hostname="DESKTOP-AV5IUUE" failures="0" tests="1" name="testNG.Dragdrop" time="0.457" errors="0" timestamp="2024-11-19T12:48:22 IST" skipped="0">
  <testcase classname="testNG.Dragdrop" name="dragdrop" time="0.457"/>
</testsuite> <!-- testNG.Dragdrop -->
